<?xml version="1.0" encoding="UTF-8"?>
<!-- Generated by org.testng.reporters.JUnitReportReporter -->
<testsuite hostname="LTIN204636" failures="0" tests="4" name="com.Policybazaar.TestRunner.InsurancesTestRunner" time="233.510" errors="0" timestamp="2024-03-04T10:35:41 IST" skipped="0">
  <testcase classname="com.Policybazaar.TestRunner.InsurancesTestRunner" name="runScenario" time="62.313"/>
  <testcase classname="com.Policybazaar.TestRunner.InsurancesTestRunner" name="runScenario" time="62.775"/>
  <testcase classname="com.Policybazaar.TestRunner.InsurancesTestRunner" name="runScenario" time="24.231"/>
  <testcase classname="com.Policybazaar.TestRunner.InsurancesTestRunner" name="runScenario" time="84.191"/>
</testsuite> <!-- com.Policybazaar.TestRunner.InsurancesTestRunner -->
