<?xml version="1.0" encoding="UTF-8"?>
<!-- Generated by org.testng.reporters.JUnitReportReporter -->
<testsuite hostname="LTIN204636" failures="0" tests="33" name="com.Policybazaar.TestRunner.InsurancesTestRunner" time="865.054" errors="0" timestamp="2024-03-09T18:33:17 IST" skipped="0">
  <testcase classname="com.Policybazaar.TestRunner.InsurancesTestRunner" name="runScenario" time="27.311"/>
  <testcase classname="com.Policybazaar.TestRunner.InsurancesTestRunner" name="runScenario" time="22.945"/>
  <testcase classname="com.Policybazaar.TestRunner.InsurancesTestRunner" name="runScenario" time="19.724"/>
  <testcase classname="com.Policybazaar.TestRunner.InsurancesTestRunner" name="runScenario" time="44.095"/>
  <testcase classname="com.Policybazaar.TestRunner.InsurancesTestRunner" name="runScenario" time="26.751"/>
  <testcase classname="com.Policybazaar.TestRunner.InsurancesTestRunner" name="runScenario" time="26.396"/>
  <testcase classname="com.Policybazaar.TestRunner.InsurancesTestRunner" name="runScenario" time="17.429"/>
  <testcase classname="com.Policybazaar.TestRunner.InsurancesTestRunner" name="runScenario" time="27.440"/>
  <testcase classname="com.Policybazaar.TestRunner.InsurancesTestRunner" name="runScenario" time="20.709"/>
  <testcase classname="com.Policybazaar.TestRunner.InsurancesTestRunner" name="runScenario" time="29.702"/>
  <testcase classname="com.Policybazaar.TestRunner.InsurancesTestRunner" name="runScenario" time="28.852"/>
  <testcase classname="com.Policybazaar.TestRunner.InsurancesTestRunner" name="runScenario" time="28.450"/>
  <testcase classname="com.Policybazaar.TestRunner.InsurancesTestRunner" name="runScenario" time="20.176"/>
  <testcase classname="com.Policybazaar.TestRunner.InsurancesTestRunner" name="runScenario" time="24.318"/>
  <testcase classname="com.Policybazaar.TestRunner.InsurancesTestRunner" name="runScenario" time="18.374"/>
  <testcase classname="com.Policybazaar.TestRunner.InsurancesTestRunner" name="runScenario" time="36.340"/>
  <testcase classname="com.Policybazaar.TestRunner.InsurancesTestRunner" name="runScenario" time="26.955"/>
  <testcase classname="com.Policybazaar.TestRunner.InsurancesTestRunner" name="runScenario" time="28.291"/>
  <testcase classname="com.Policybazaar.TestRunner.InsurancesTestRunner" name="runScenario" time="17.655"/>
  <testcase classname="com.Policybazaar.TestRunner.InsurancesTestRunner" name="runScenario" time="55.083"/>
  <testcase classname="com.Policybazaar.TestRunner.InsurancesTestRunner" name="runScenario" time="29.459"/>
  <testcase classname="com.Policybazaar.TestRunner.InsurancesTestRunner" name="runScenario" time="46.155"/>
  <testcase classname="com.Policybazaar.TestRunner.InsurancesTestRunner" name="runScenario" time="23.172"/>
  <testcase classname="com.Policybazaar.TestRunner.InsurancesTestRunner" name="runScenario" time="25.559"/>
  <testcase classname="com.Policybazaar.TestRunner.InsurancesTestRunner" name="runScenario" time="14.407"/>
  <testcase classname="com.Policybazaar.TestRunner.InsurancesTestRunner" name="runScenario" time="19.979"/>
  <testcase classname="com.Policybazaar.TestRunner.InsurancesTestRunner" name="runScenario" time="22.194"/>
  <testcase classname="com.Policybazaar.TestRunner.InsurancesTestRunner" name="runScenario" time="25.366"/>
  <testcase classname="com.Policybazaar.TestRunner.InsurancesTestRunner" name="runScenario" time="20.562"/>
  <testcase classname="com.Policybazaar.TestRunner.InsurancesTestRunner" name="runScenario" time="22.083"/>
  <testcase classname="com.Policybazaar.TestRunner.InsurancesTestRunner" name="runScenario" time="20.942"/>
  <testcase classname="com.Policybazaar.TestRunner.InsurancesTestRunner" name="runScenario" time="21.945"/>
  <testcase classname="com.Policybazaar.TestRunner.InsurancesTestRunner" name="runScenario" time="26.235"/>
</testsuite> <!-- com.Policybazaar.TestRunner.InsurancesTestRunner -->
