<?xml version="1.0" encoding="UTF-8"?>
<!-- Generated by org.testng.reporters.JUnitReportReporter -->
<testsuite hostname="LTIN204636" failures="0" tests="33" name="travelInsurance.TestRunner.InsuranceTestRunner" time="855.573" errors="0" timestamp="2024-02-25T22:48:07 IST" skipped="0">
  <testcase classname="travelInsurance.TestRunner.InsuranceTestRunner" name="runScenario" time="18.418"/>
  <testcase classname="travelInsurance.TestRunner.InsuranceTestRunner" name="runScenario" time="23.101"/>
  <testcase classname="travelInsurance.TestRunner.InsuranceTestRunner" name="runScenario" time="45.160"/>
  <testcase classname="travelInsurance.TestRunner.InsuranceTestRunner" name="runScenario" time="21.790"/>
  <testcase classname="travelInsurance.TestRunner.InsuranceTestRunner" name="runScenario" time="40.950"/>
  <testcase classname="travelInsurance.TestRunner.InsuranceTestRunner" name="runScenario" time="29.924"/>
  <testcase classname="travelInsurance.TestRunner.InsuranceTestRunner" name="runScenario" time="22.963"/>
  <testcase classname="travelInsurance.TestRunner.InsuranceTestRunner" name="runScenario" time="25.908"/>
  <testcase classname="travelInsurance.TestRunner.InsuranceTestRunner" name="runScenario" time="21.627"/>
  <testcase classname="travelInsurance.TestRunner.InsuranceTestRunner" name="runScenario" time="24.288"/>
  <testcase classname="travelInsurance.TestRunner.InsuranceTestRunner" name="runScenario" time="32.082"/>
  <testcase classname="travelInsurance.TestRunner.InsuranceTestRunner" name="runScenario" time="22.418"/>
  <testcase classname="travelInsurance.TestRunner.InsuranceTestRunner" name="runScenario" time="28.475"/>
  <testcase classname="travelInsurance.TestRunner.InsuranceTestRunner" name="runScenario" time="19.891"/>
  <testcase classname="travelInsurance.TestRunner.InsuranceTestRunner" name="runScenario" time="22.092"/>
  <testcase classname="travelInsurance.TestRunner.InsuranceTestRunner" name="runScenario" time="16.275"/>
  <testcase classname="travelInsurance.TestRunner.InsuranceTestRunner" name="runScenario" time="21.875"/>
  <testcase classname="travelInsurance.TestRunner.InsuranceTestRunner" name="runScenario" time="21.046"/>
  <testcase classname="travelInsurance.TestRunner.InsuranceTestRunner" name="runScenario" time="44.961"/>
  <testcase classname="travelInsurance.TestRunner.InsuranceTestRunner" name="runScenario" time="22.492"/>
  <testcase classname="travelInsurance.TestRunner.InsuranceTestRunner" name="runScenario" time="21.727"/>
  <testcase classname="travelInsurance.TestRunner.InsuranceTestRunner" name="runScenario" time="20.472"/>
  <testcase classname="travelInsurance.TestRunner.InsuranceTestRunner" name="runScenario" time="24.312"/>
  <testcase classname="travelInsurance.TestRunner.InsuranceTestRunner" name="runScenario" time="18.834"/>
  <testcase classname="travelInsurance.TestRunner.InsuranceTestRunner" name="runScenario" time="21.318"/>
  <testcase classname="travelInsurance.TestRunner.InsuranceTestRunner" name="runScenario" time="48.198"/>
  <testcase classname="travelInsurance.TestRunner.InsuranceTestRunner" name="runScenario" time="31.263"/>
  <testcase classname="travelInsurance.TestRunner.InsuranceTestRunner" name="runScenario" time="26.252"/>
  <testcase classname="travelInsurance.TestRunner.InsuranceTestRunner" name="runScenario" time="30.726"/>
  <testcase classname="travelInsurance.TestRunner.InsuranceTestRunner" name="runScenario" time="27.441"/>
  <testcase classname="travelInsurance.TestRunner.InsuranceTestRunner" name="runScenario" time="20.448"/>
  <testcase classname="travelInsurance.TestRunner.InsuranceTestRunner" name="runScenario" time="22.922"/>
  <testcase classname="travelInsurance.TestRunner.InsuranceTestRunner" name="runScenario" time="15.924"/>
</testsuite> <!-- travelInsurance.TestRunner.InsuranceTestRunner -->
