<?xml version="1.0" encoding="UTF-8"?>
<!-- Generated by org.testng.reporters.JUnitReportReporter -->
<testsuite hostname="LTIN204636" failures="0" tests="4" name="travelInsurance.TestRunner.InsuranceTestRunner" time="179.396" errors="0" timestamp="2024-02-29T09:23:40 IST" skipped="0">
  <testcase classname="travelInsurance.TestRunner.InsuranceTestRunner" name="runScenario" time="69.110"/>
  <testcase classname="travelInsurance.TestRunner.InsuranceTestRunner" name="runScenario" time="50.199"/>
  <testcase classname="travelInsurance.TestRunner.InsuranceTestRunner" name="runScenario" time="24.490"/>
  <testcase classname="travelInsurance.TestRunner.InsuranceTestRunner" name="runScenario" time="35.597"/>
</testsuite> <!-- travelInsurance.TestRunner.InsuranceTestRunner -->
